d:\dropbox\git\comp345-project\project build 2\project build 2\debug\vc120.pdb
d:\dropbox\git\comp345-project\project build 2\project build 2\debug\vc120.idb
d:\dropbox\git\comp345-project\project build 2\project build 2\debug\bullyfighterbuilder.obj
d:\dropbox\git\comp345-project\project build 2\project build 2\debug\cell.obj
d:\dropbox\git\comp345-project\project build 2\project build 2\debug\character.obj
d:\dropbox\git\comp345-project\project build 2\project build 2\debug\characterobserver.obj
d:\dropbox\git\comp345-project\project build 2\project build 2\debug\containerbuilder.obj
d:\dropbox\git\comp345-project\project build 2\project build 2\debug\containerobserver.obj
d:\dropbox\git\comp345-project\project build 2\project build 2\debug\dice.obj
d:\dropbox\git\comp345-project\project build 2\project build 2\debug\driver.obj
d:\dropbox\git\comp345-project\project build 2\project build 2\debug\fighter.obj
d:\dropbox\git\comp345-project\project build 2\project build 2\debug\fighterdirector.obj
d:\dropbox\git\comp345-project\project build 2\project build 2\debug\grid.obj
d:\dropbox\git\comp345-project\project build 2\project build 2\debug\gridcontent.obj
d:\dropbox\git\comp345-project\project build 2\project build 2\debug\gridobsrver.obj
d:\dropbox\git\comp345-project\project build 2\project build 2\debug\inputevent.obj
d:\dropbox\git\comp345-project\project build 2\project build 2\debug\inputmanager.obj
d:\dropbox\git\comp345-project\project build 2\project build 2\debug\item.obj
d:\dropbox\git\comp345-project\project build 2\project build 2\debug\monster.obj
d:\dropbox\git\comp345-project\project build 2\project build 2\debug\nimblefighterbuilder.obj
d:\dropbox\git\comp345-project\project build 2\project build 2\debug\observable.obj
d:\dropbox\git\comp345-project\project build 2\project build 2\debug\tankfighterbuilder.obj
d:\dropbox\git\comp345-project\project build 2\debug\project build 2.ilk
d:\dropbox\git\comp345-project\project build 2\debug\project build 2.exe
d:\dropbox\git\comp345-project\project build 2\debug\project build 2.pdb
d:\dropbox\git\comp345-project\project build 2\project build 2\debug\project build 2.tlog\cl.command.1.tlog
d:\dropbox\git\comp345-project\project build 2\project build 2\debug\project build 2.tlog\cl.read.1.tlog
d:\dropbox\git\comp345-project\project build 2\project build 2\debug\project build 2.tlog\cl.write.1.tlog
d:\dropbox\git\comp345-project\project build 2\project build 2\debug\project build 2.tlog\link.command.1.tlog
d:\dropbox\git\comp345-project\project build 2\project build 2\debug\project build 2.tlog\link.read.1.tlog
d:\dropbox\git\comp345-project\project build 2\project build 2\debug\project build 2.tlog\link.write.1.tlog
