C:\USERS\STEVEN\DOCUMENTS\VISUAL STUDIO 2012\PROJECTS\PROJECT BUILD 2\PROJECT BUILD 2\DEBUG\CONTAINEROBSERVER.OBJ
C:\USERS\STEVEN\DOCUMENTS\VISUAL STUDIO 2012\PROJECTS\PROJECT BUILD 2\PROJECT BUILD 2\DEBUG\DICE.OBJ
C:\USERS\STEVEN\DOCUMENTS\VISUAL STUDIO 2012\PROJECTS\PROJECT BUILD 2\PROJECT BUILD 2\DEBUG\GRIDCONTENT.OBJ
C:\USERS\STEVEN\DOCUMENTS\VISUAL STUDIO 2012\PROJECTS\PROJECT BUILD 2\PROJECT BUILD 2\DEBUG\INPUTEVENT.OBJ
C:\USERS\STEVEN\DOCUMENTS\VISUAL STUDIO 2012\PROJECTS\PROJECT BUILD 2\PROJECT BUILD 2\DEBUG\INPUTMANAGER.OBJ
C:\USERS\STEVEN\DOCUMENTS\VISUAL STUDIO 2012\PROJECTS\PROJECT BUILD 2\PROJECT BUILD 2\DEBUG\ITEM.OBJ
C:\USERS\STEVEN\DOCUMENTS\VISUAL STUDIO 2012\PROJECTS\PROJECT BUILD 2\PROJECT BUILD 2\DEBUG\OBSERVABLE.OBJ
C:\USERS\STEVEN\DOCUMENTS\VISUAL STUDIO 2012\PROJECTS\PROJECT BUILD 2\PROJECT BUILD 2\DEBUG\VC110.PDB
C:\USERS\STEVEN\DOCUMENTS\GITHUB\COMP345-PROJECT\PROJECT BUILD 2\PROJECT BUILD 2\DEBUG\BULLYFIGHTERBUILDER.OBJ
C:\USERS\STEVEN\DOCUMENTS\GITHUB\COMP345-PROJECT\PROJECT BUILD 2\PROJECT BUILD 2\DEBUG\CELL.OBJ
C:\USERS\STEVEN\DOCUMENTS\GITHUB\COMP345-PROJECT\PROJECT BUILD 2\PROJECT BUILD 2\DEBUG\CHARACTER.OBJ
C:\USERS\STEVEN\DOCUMENTS\GITHUB\COMP345-PROJECT\PROJECT BUILD 2\PROJECT BUILD 2\DEBUG\CHARACTEROBSERVER.OBJ
C:\USERS\STEVEN\DOCUMENTS\GITHUB\COMP345-PROJECT\PROJECT BUILD 2\PROJECT BUILD 2\DEBUG\CONTAINEROBSERVER.OBJ
C:\USERS\STEVEN\DOCUMENTS\GITHUB\COMP345-PROJECT\PROJECT BUILD 2\PROJECT BUILD 2\DEBUG\DICE.OBJ
C:\USERS\STEVEN\DOCUMENTS\GITHUB\COMP345-PROJECT\PROJECT BUILD 2\PROJECT BUILD 2\DEBUG\FIGHTER.OBJ
C:\USERS\STEVEN\DOCUMENTS\GITHUB\COMP345-PROJECT\PROJECT BUILD 2\PROJECT BUILD 2\DEBUG\FIGHTERDIRECTOR.OBJ
C:\USERS\STEVEN\DOCUMENTS\GITHUB\COMP345-PROJECT\PROJECT BUILD 2\PROJECT BUILD 2\DEBUG\GRID.OBJ
C:\USERS\STEVEN\DOCUMENTS\GITHUB\COMP345-PROJECT\PROJECT BUILD 2\PROJECT BUILD 2\DEBUG\GRIDCONTENT.OBJ
C:\USERS\STEVEN\DOCUMENTS\GITHUB\COMP345-PROJECT\PROJECT BUILD 2\PROJECT BUILD 2\DEBUG\GRIDOBSRVER.OBJ
C:\USERS\STEVEN\DOCUMENTS\GITHUB\COMP345-PROJECT\PROJECT BUILD 2\PROJECT BUILD 2\DEBUG\INPUTEVENT.OBJ
C:\USERS\STEVEN\DOCUMENTS\GITHUB\COMP345-PROJECT\PROJECT BUILD 2\PROJECT BUILD 2\DEBUG\INPUTMANAGER.OBJ
C:\USERS\STEVEN\DOCUMENTS\GITHUB\COMP345-PROJECT\PROJECT BUILD 2\PROJECT BUILD 2\DEBUG\ITEM.OBJ
C:\USERS\STEVEN\DOCUMENTS\GITHUB\COMP345-PROJECT\PROJECT BUILD 2\PROJECT BUILD 2\DEBUG\MONSTER.OBJ
C:\USERS\STEVEN\DOCUMENTS\GITHUB\COMP345-PROJECT\PROJECT BUILD 2\PROJECT BUILD 2\DEBUG\NIMBLEFIGHTERBUILDER.OBJ
C:\USERS\STEVEN\DOCUMENTS\GITHUB\COMP345-PROJECT\PROJECT BUILD 2\PROJECT BUILD 2\DEBUG\OBSERVABLE.OBJ
C:\USERS\STEVEN\DOCUMENTS\GITHUB\COMP345-PROJECT\PROJECT BUILD 2\PROJECT BUILD 2\DEBUG\TANKFIGHTERBUILDER.OBJ
C:\USERS\STEVEN\DOCUMENTS\GITHUB\COMP345-PROJECT\PROJECT BUILD 2\PROJECT BUILD 2\DEBUG\VC110.PDB
C:\USERS\STEVEN\DOCUMENTS\GITHUB\COMP345-PROJECT\PROJECT BUILD 2\PROJECT BUILD 2\DEBUG\DRIVER.OBJ
C:\USERS\STEVEN\DOCUMENTS\GITHUB\COMP345-PROJECT\PROJECT BUILD 2\DEBUG\PROJECT BUILD 2.ILK
C:\USERS\STEVEN\DOCUMENTS\GITHUB\COMP345-PROJECT\PROJECT BUILD 2\DEBUG\PROJECT BUILD 2.EXE
C:\USERS\STEVEN\DOCUMENTS\GITHUB\COMP345-PROJECT\PROJECT BUILD 2\DEBUG\PROJECT BUILD 2.PDB
C:\Users\Steven\Documents\GitHub\COMP345-Project\Project Build 2\Project Build 2\Debug\BullyFighterBuilder.obj
C:\Users\Steven\Documents\GitHub\COMP345-Project\Project Build 2\Project Build 2\Debug\Cell.obj
C:\Users\Steven\Documents\GitHub\COMP345-Project\Project Build 2\Project Build 2\Debug\Character.obj
C:\Users\Steven\Documents\GitHub\COMP345-Project\Project Build 2\Project Build 2\Debug\CharacterObserver.obj
C:\Users\Steven\Documents\GitHub\COMP345-Project\Project Build 2\Project Build 2\Debug\ContainerObserver.obj
C:\Users\Steven\Documents\GitHub\COMP345-Project\Project Build 2\Project Build 2\Debug\Dice.obj
C:\Users\Steven\Documents\GitHub\COMP345-Project\Project Build 2\Project Build 2\Debug\Driver.obj
C:\Users\Steven\Documents\GitHub\COMP345-Project\Project Build 2\Project Build 2\Debug\Fighter.obj
C:\Users\Steven\Documents\GitHub\COMP345-Project\Project Build 2\Project Build 2\Debug\FighterDirector.obj
C:\Users\Steven\Documents\GitHub\COMP345-Project\Project Build 2\Project Build 2\Debug\GridContent.obj
C:\Users\Steven\Documents\GitHub\COMP345-Project\Project Build 2\Project Build 2\Debug\GridObsrver.obj
C:\Users\Steven\Documents\GitHub\COMP345-Project\Project Build 2\Project Build 2\Debug\InputEvent.obj
C:\Users\Steven\Documents\GitHub\COMP345-Project\Project Build 2\Project Build 2\Debug\InputManager.obj
C:\Users\Steven\Documents\GitHub\COMP345-Project\Project Build 2\Project Build 2\Debug\Item.obj
C:\Users\Steven\Documents\GitHub\COMP345-Project\Project Build 2\Project Build 2\Debug\Monster.obj
C:\Users\Steven\Documents\GitHub\COMP345-Project\Project Build 2\Project Build 2\Debug\NimbleFighterBuilder.obj
C:\Users\Steven\Documents\GitHub\COMP345-Project\Project Build 2\Project Build 2\Debug\Observable.obj
C:\Users\Steven\Documents\GitHub\COMP345-Project\Project Build 2\Project Build 2\Debug\TankFighterBuilder.obj
C:\Users\Steven\Documents\GitHub\COMP345-Project\Project Build 2\Project Build 2\Debug\cl.command.1.tlog
C:\Users\Steven\Documents\GitHub\COMP345-Project\Project Build 2\Project Build 2\Debug\CL.read.1.tlog
C:\Users\Steven\Documents\GitHub\COMP345-Project\Project Build 2\Project Build 2\Debug\CL.write.1.tlog
C:\Users\Steven\Documents\GitHub\COMP345-Project\Project Build 2\Project Build 2\Debug\link-cvtres.read.1.tlog
C:\Users\Steven\Documents\GitHub\COMP345-Project\Project Build 2\Project Build 2\Debug\link-cvtres.write.1.tlog
C:\Users\Steven\Documents\GitHub\COMP345-Project\Project Build 2\Project Build 2\Debug\link-rc.read.1.tlog
C:\Users\Steven\Documents\GitHub\COMP345-Project\Project Build 2\Project Build 2\Debug\link-rc.write.1.tlog
C:\Users\Steven\Documents\GitHub\COMP345-Project\Project Build 2\Project Build 2\Debug\link.8996-cvtres.read.1.tlog
C:\Users\Steven\Documents\GitHub\COMP345-Project\Project Build 2\Project Build 2\Debug\link.8996-cvtres.write.1.tlog
C:\Users\Steven\Documents\GitHub\COMP345-Project\Project Build 2\Project Build 2\Debug\link.8996-rc.read.1.tlog
C:\Users\Steven\Documents\GitHub\COMP345-Project\Project Build 2\Project Build 2\Debug\link.8996-rc.write.1.tlog
C:\Users\Steven\Documents\GitHub\COMP345-Project\Project Build 2\Project Build 2\Debug\link.8996.read.1.tlog
C:\Users\Steven\Documents\GitHub\COMP345-Project\Project Build 2\Project Build 2\Debug\link.8996.write.1.tlog
C:\Users\Steven\Documents\GitHub\COMP345-Project\Project Build 2\Project Build 2\Debug\link.9832-cvtres.read.1.tlog
C:\Users\Steven\Documents\GitHub\COMP345-Project\Project Build 2\Project Build 2\Debug\link.9832-cvtres.write.1.tlog
C:\Users\Steven\Documents\GitHub\COMP345-Project\Project Build 2\Project Build 2\Debug\link.9832-rc.read.1.tlog
C:\Users\Steven\Documents\GitHub\COMP345-Project\Project Build 2\Project Build 2\Debug\link.9832-rc.write.1.tlog
C:\Users\Steven\Documents\GitHub\COMP345-Project\Project Build 2\Project Build 2\Debug\link.9832.read.1.tlog
C:\Users\Steven\Documents\GitHub\COMP345-Project\Project Build 2\Project Build 2\Debug\link.9832.write.1.tlog
C:\Users\Steven\Documents\GitHub\COMP345-Project\Project Build 2\Project Build 2\Debug\link.command.1.tlog
C:\Users\Steven\Documents\GitHub\COMP345-Project\Project Build 2\Project Build 2\Debug\link.read.1.tlog
C:\Users\Steven\Documents\GitHub\COMP345-Project\Project Build 2\Project Build 2\Debug\link.write.1.tlog
C:\Users\Steven\Documents\GitHub\COMP345-Project\Project Build 2\Project Build 2\Debug\vc110.idb
C:\Users\Steven\Documents\GitHub\COMP345-Project\Project Build 2\Project Build 2\Debug\vc110.pdb
C:\Users\Steven\Documents\GitHub\COMP345-Project\Project Build 2\Debug\Project Build 2.pdb
C:\Users\Steven\Documents\GitHub\COMP345-Project\Project Build 2\Debug\Project Build 2.exe
C:\Users\Steven\Documents\GitHub\COMP345-Project\Project Build 2\Debug\Project Build 2.ilk
