Build started 11/27/2013 4:26:22 PM.
     1>Project "C:\Users\Steven\Documents\GitHub\COMP345-Project\Project Build 2\Project Build 2\Project Build 2.vcxproj" on node 2 (Build target(s)).
     1>ClCompile:
         C:\Program Files (x86)\Microsoft Visual Studio 11.0\VC\bin\CL.exe /c /ZI /nologo /W3 /WX- /Od /Oy- /D WIN32 /D _DEBUG /D _CONSOLE /D _UNICODE /D UNICODE /Gm /EHsc /RTC1 /MDd /GS /fp:precise /Zc:wchar_t /Zc:forScope /Fo"Debug\\" /Fd"Debug\vc110.pdb" /Gd /TP /analyze- /errorReport:prompt Grid.cpp
         Grid.cpp
     1>c:\users\steven\documents\github\comp345-project\project build 2\project build 2\grid.cpp(389): warning C4018: '<=' : signed/unsigned mismatch
     1>c:\users\steven\documents\github\comp345-project\project build 2\project build 2\grid.cpp(426): warning C4018: '<=' : signed/unsigned mismatch
     1>c:\users\steven\documents\github\comp345-project\project build 2\project build 2\grid.cpp(461): warning C4018: '<=' : signed/unsigned mismatch
     1>c:\users\steven\documents\github\comp345-project\project build 2\project build 2\grid.cpp(496): warning C4018: '<=' : signed/unsigned mismatch
       Link:
         C:\Program Files (x86)\Microsoft Visual Studio 11.0\VC\bin\link.exe /ERRORREPORT:PROMPT /OUT:"C:\Users\Steven\Documents\GitHub\COMP345-Project\Project Build 2\Debug\Project Build 2.exe" /INCREMENTAL /NOLOGO kernel32.lib user32.lib gdi32.lib winspool.lib comdlg32.lib advapi32.lib shell32.lib ole32.lib oleaut32.lib uuid.lib odbc32.lib odbccp32.lib /MANIFEST /MANIFESTUAC:"level='asInvoker' uiAccess='false'" /manifest:embed /DEBUG /PDB:"C:\Users\Steven\Documents\GitHub\COMP345-Project\Project Build 2\Debug\Project Build 2.pdb" /SUBSYSTEM:CONSOLE /TLBID:1 /DYNAMICBASE /NXCOMPAT /IMPLIB:"C:\Users\Steven\Documents\GitHub\COMP345-Project\Project Build 2\Debug\Project Build 2.lib" /MACHINE:X86 Debug\BullyFighterBuilder.obj
         Debug\Cell.obj
         Debug\Character.obj
         Debug\CharacterObserver.obj
         Debug\ContainerBuilder.obj
         Debug\ContainerObserver.obj
         Debug\Dice.obj
         Debug\Driver.obj
         Debug\Fighter.obj
         Debug\FighterDirector.obj
         Debug\Grid.obj
         Debug\GridContent.obj
         Debug\GridObsrver.obj
         Debug\InputEvent.obj
         Debug\InputManager.obj
         Debug\Item.obj
         Debug\Monster.obj
         Debug\NimbleFighterBuilder.obj
         Debug\Observable.obj
         Debug\TankFighterBuilder.obj
         Project Build 2.vcxproj -> C:\Users\Steven\Documents\GitHub\COMP345-Project\Project Build 2\Debug\Project Build 2.exe
     1>Done Building Project "C:\Users\Steven\Documents\GitHub\COMP345-Project\Project Build 2\Project Build 2\Project Build 2.vcxproj" (Build target(s)).

Build succeeded.

Time Elapsed 00:00:05.83
